2017-12-08 01:14:22 +0000 [MT] Initial pipeline context: <IDEDistributionProcessingPipelineContext: 0x7f82168c2460; archive(resolved)='<IDEArchive: 0x7f8216840e90>', distributionTask(resolved)='2', distributionMethod(resolved)='<IDEDistributionMethodiOSEnterprise: 0x7f8216859650>', team(resolved)='<IDEProvisioningBasicTeam 0x7f821677a7c0: teamID: X394N46UAR, teamName: China Unicom Sys. Integration Ltd. Corp. Shandong>'>
	Chain (11, self inclusive):
	<IDEDistributionProcessingPipelineContext: 0x7f82168c2460; archive = '<IDEArchive: 0x7f8216840e90>', distributionMethod='<IDEDistributionMethodiOSEnterprise: 0x7f8216859650>', team='<IDEProvisioningBasicTeam 0x7f821677a7c0: teamID: X394N46UAR, teamName: China Unicom Sys. Integration Ltd. Corp. Shandong>'>
	<IDEDistributionProcessingPipelineContext: 0x7f82168bdff0; archive = '<IDEArchive: 0x7f8216840e90>', distributionMethod='<IDEDistributionMethodiOSEnterprise: 0x7f8216859650>', team='<IDEProvisioningBasicTeam 0x7f821677a7c0: teamID: X394N46UAR, teamName: China Unicom Sys. Integration Ltd. Corp. Shandong>'>
	<IDEDistributionContext: 0x7f82168bdeb0; archive = '<IDEArchive: 0x7f8216840e90>', distributionMethod='<IDEDistributionMethodiOSEnterprise: 0x7f8216859650>', team='<IDEProvisioningBasicTeam 0x7f821677a7c0: teamID: X394N46UAR, teamName: China Unicom Sys. Integration Ltd. Corp. Shandong>'>
	<IDEDistributionContext: 0x7f82167a1610; archive = '<IDEArchive: 0x7f8216840e90>', distributionMethod='<IDEDistributionMethodiOSEnterprise: 0x7f8216859650>', team='<IDEProvisioningBasicTeam 0x7f821677a7c0: teamID: X394N46UAR, teamName: China Unicom Sys. Integration Ltd. Corp. Shandong>'>
	<IDEDistributionContext: 0x7f82168838c0; archive = '<IDEArchive: 0x7f8216840e90>', distributionMethod='<IDEDistributionMethodiOSEnterprise: 0x7f8216859650>', team='<IDEProvisioningBasicTeam 0x7f821677a7c0: teamID: X394N46UAR, teamName: China Unicom Sys. Integration Ltd. Corp. Shandong>'>
	<IDEDistributionContext: 0x7f8216882d70; archive = '<IDEArchive: 0x7f8216840e90>', distributionMethod='<IDEDistributionMethodiOSEnterprise: 0x7f8216859650>', team='<IDEProvisioningBasicTeam 0x7f821677a7c0: teamID: X394N46UAR, teamName: China Unicom Sys. Integration Ltd. Corp. Shandong>'>
	<IDEDistributionContext: 0x7f82168811e0; archive = '<IDEArchive: 0x7f8216840e90>', distributionMethod='<IDEDistributionMethodiOSEnterprise: 0x7f8216859650>', team='<IDEProvisioningBasicTeam 0x7f821677a7c0: teamID: X394N46UAR, teamName: China Unicom Sys. Integration Ltd. Corp. Shandong>'>
	<IDEDistributionContext: 0x7f8216880080; archive = '<IDEArchive: 0x7f8216840e90>', distributionMethod='<IDEDistributionMethodiOSEnterprise: 0x7f8216859650>', team='<IDEProvisioningBasicTeam 0x7f821677a7c0: teamID: X394N46UAR, teamName: China Unicom Sys. Integration Ltd. Corp. Shandong>'>
	<IDEDistributionContext: 0x7f8216860010; archive = '<IDEArchive: 0x7f8216840e90>', distributionMethod='<IDEDistributionMethodiOSEnterprise: 0x7f8216859650>', team='<IDEProvisioningBasicTeam 0x7f821677a7c0: teamID: X394N46UAR, teamName: China Unicom Sys. Integration Ltd. Corp. Shandong>'>
	<IDEDistributionContext: 0x7f8216855590; archive = '<IDEArchive: 0x7f8216840e90>', distributionMethod='<IDEDistributionMethodiOSEnterprise: 0x7f8216859650>', team='(null)'>
	<IDEDistributionContext: 0x7f8216841660; archive = '<IDEArchive: 0x7f8216840e90>', distributionMethod='(null)', team='(null)'>
</IDEDistributionProcessingPipelineContext: 0x7f82168c2460>
2017-12-08 01:14:22 +0000 [MT] Processing step: IDEDistributionCreateDestRootStep
2017-12-08 01:14:22 +0000 [MT] Processing step: IDEDistributionCopyItemStep
2017-12-08 01:14:22 +0000 [MT] Running /usr/bin/ditto '-V' '/Users/wangyongmei/Library/Developer/Xcode/Archives/2017-12-08/zhangwoyingxiao 2017-12-8 上午9.13.xcarchive/Products/Applications/zhangwoyingxiao.app' '/var/folders/wd/wy827dnn4ds4btm69h16vx380000gn/T/XcodeDistPipeline.2TZ/Root/Payload/zhangwoyingxiao.app'
2017-12-08 01:14:22 +0000  >>> Copying /Users/wangyongmei/Library/Developer/Xcode/Archives/2017-12-08/zhangwoyingxiao 2017-12-8 上午9.13.xcarchive/Products/Applications/zhangwoyingxiao.app 
2017-12-08 01:14:22 +0000  copying file ./_CodeSignature/CodeResources ... 
2017-12-08 01:14:22 +0000  5133 bytes for ./_CodeSignature/CodeResources
2017-12-08 01:14:22 +0000  copying file ./archived-expanded-entitlements.xcent ... 
2017-12-08 01:14:22 +0000  380 bytes for ./archived-expanded-entitlements.xcent
2017-12-08 01:14:22 +0000  copying file ./Base.lproj/LaunchScreen.storyboardc/01J-lp-oVM-view-Ze5-6b-2t3.nib ... 
2017-12-08 01:14:22 +0000  1792 bytes for ./Base.lproj/LaunchScreen.storyboardc/01J-lp-oVM-view-Ze5-6b-2t3.nib
copying file ./Base.lproj/LaunchScreen.storyboardc/Info.plist ... 
2017-12-08 01:14:22 +0000  258 bytes for ./Base.lproj/LaunchScreen.storyboardc/Info.plist
copying file ./Base.lproj/LaunchScreen.storyboardc/UIViewController-01J-lp-oVM.nib ... 
2017-12-08 01:14:22 +0000  832 bytes for ./Base.lproj/LaunchScreen.storyboardc/UIViewController-01J-lp-oVM.nib
2017-12-08 01:14:22 +0000  copying file ./Base.lproj/Main.storyboardc/BYZ-38-t0r-view-8bC-Xf-vdC.nib ... 
2017-12-08 01:14:22 +0000  1791 bytes for ./Base.lproj/Main.storyboardc/BYZ-38-t0r-view-8bC-Xf-vdC.nib
2017-12-08 01:14:22 +0000  copying file ./Base.lproj/Main.storyboardc/Info.plist ... 
2017-12-08 01:14:22 +0000  258 bytes for ./Base.lproj/Main.storyboardc/Info.plist
copying file ./Base.lproj/Main.storyboardc/UIViewController-BYZ-38-t0r.nib ... 
2017-12-08 01:14:22 +0000  916 bytes for ./Base.lproj/Main.storyboardc/UIViewController-BYZ-38-t0r.nib
2017-12-08 01:14:22 +0000  copying file ./embedded.mobileprovision ... 
2017-12-08 01:14:22 +0000  7587 bytes for ./embedded.mobileprovision
2017-12-08 01:14:22 +0000  copying file ./Info.plist ... 
2017-12-08 01:14:22 +0000  1259 bytes for ./Info.plist
copying file ./PkgInfo ... 
2017-12-08 01:14:22 +0000  8 bytes for ./PkgInfo
copying file ./zhangwoyingxiao ... 
2017-12-08 01:14:22 +0000  344768 bytes for ./zhangwoyingxiao
2017-12-08 01:14:22 +0000 [MT] /usr/bin/ditto exited with 0
2017-12-08 01:14:22 +0000 [MT] Processing step: IDEDistributionEmbedProfileStep
2017-12-08 01:14:22 +0000 [MT] Processing step: IDEDistributionAppThinningPlistStep
2017-12-08 01:14:22 +0000 [MT] Skipping step: IDEDistributionAppThinningPlistStep because it said so
2017-12-08 01:14:22 +0000 [MT] Processing step: IDEDistributionCompileBitcodeStep
2017-12-08 01:14:22 +0000 [MT] Skipping step: IDEDistributionCompileBitcodeStep because it said so
2017-12-08 01:14:22 +0000 [MT] Processing step: IDEDistributionCodeSlimmingStep
2017-12-08 01:14:22 +0000 [MT] Processing step: IDEDistributionCopyBCSymbolMapsStep
2017-12-08 01:14:22 +0000 [MT] Skipping step: IDEDistributionCopyBCSymbolMapsStep because it said so
2017-12-08 01:14:22 +0000 [MT] Processing step: IDEDistributionSymbolsStep
2017-12-08 01:14:22 +0000 [MT] Skipping step: IDEDistributionSymbolsStep because it said so
2017-12-08 01:14:22 +0000 [MT] Processing step: IDEDistributionAppThinningStep
2017-12-08 01:14:22 +0000 [MT] Skipping step: IDEDistributionAppThinningStep because it said so
2017-12-08 01:14:22 +0000 [MT] Processing step: IDEDistributionODRStep
2017-12-08 01:14:22 +0000 [MT] Processing step: IDEDistributionStripXattrsStep
2017-12-08 01:14:22 +0000 [MT] Running /usr/bin/xattr '-crs' '/var/folders/wd/wy827dnn4ds4btm69h16vx380000gn/T/XcodeDistPipeline.2TZ/Root/Payload/zhangwoyingxiao.app'
2017-12-08 01:14:22 +0000 [MT] /usr/bin/xattr exited with 0
2017-12-08 01:14:22 +0000 [MT] Processing step: IDEDistributionCodesignStep
2017-12-08 01:14:22 +0000 [MT] Applying entitlements delta for <IDEDistributionItem: 0x7f821679f6a0 'com.sdunicom.sdltyxzs' '<DVTFilePath:0x7f8216841160:'/Users/wangyongmei/Library/Developer/Xcode/Archives/2017-12-08/zhangwoyingxiao 2017-12-8 上午9.13.xcarchive/Products/Applications/zhangwoyingxiao.app'>'> from <IDEiCloudEntitlementsProcessor: 0x7f821686fb60>: {
}
2017-12-08 01:14:22 +0000 [MT] Entitlements for <IDEDistributionItem: 0x7f821679f6a0 'com.sdunicom.sdltyxzs' '<DVTFilePath:0x7f8216841160:'/Users/wangyongmei/Library/Developer/Xcode/Archives/2017-12-08/zhangwoyingxiao 2017-12-8 上午9.13.xcarchive/Products/Applications/zhangwoyingxiao.app'>'>: {
    "application-identifier" = "X394N46UAR.com.sdunicom.sdltyxzs";
    "com.apple.developer.team-identifier" = X394N46UAR;
    "get-task-allow" = 0;
    "keychain-access-groups" =     (
        "X394N46UAR.com.sdunicom.sdltyxzs"
    );
}
2017-12-08 01:14:22 +0000 [MT] Writing entitlements for <IDEDistributionItem: 0x7f821679f6a0 'com.sdunicom.sdltyxzs' '<DVTFilePath:0x7f8216841160:'/Users/wangyongmei/Library/Developer/Xcode/Archives/2017-12-08/zhangwoyingxiao 2017-12-8 上午9.13.xcarchive/Products/Applications/zhangwoyingxiao.app'>'> to: /var/folders/wd/wy827dnn4ds4btm69h16vx380000gn/T/XcodeDistPipeline.2TZ/entitlementsYweYe7
2017-12-08 01:14:22 +0000 [MT] Running /usr/bin/codesign '-vvv' '--force' '--sign' 'EC8CC7357077E410D7A9894823D24B8871B3B4DC' '--preserve-metadata=identifier,flags' '--entitlements' '/var/folders/wd/wy827dnn4ds4btm69h16vx380000gn/T/XcodeDistPipeline.2TZ/entitlementsYweYe7' '/var/folders/wd/wy827dnn4ds4btm69h16vx380000gn/T/XcodeDistPipeline.2TZ/Root/Payload/zhangwoyingxiao.app'
2017-12-08 01:14:22 +0000  /var/folders/wd/wy827dnn4ds4btm69h16vx380000gn/T/XcodeDistPipeline.2TZ/Root/Payload/zhangwoyingxiao.app: signed app bundle with Mach-O universal (armv7 arm64) [com.sdunicom.sdltyxzs]
2017-12-08 01:14:22 +0000 [MT] /usr/bin/codesign exited with 0
2017-12-08 01:14:22 +0000 [MT] Processing step: IDEDistributionStreamingZipItemStep
2017-12-08 01:14:22 +0000 [MT] Skipping step: IDEDistributionStreamingZipItemStep because it said so
2017-12-08 01:14:22 +0000 [MT] Processing step: IDEDistributionCreateIPAStep
2017-12-08 01:14:22 +0000 [MT] Running /usr/bin/ditto '-V' '-c' '-k' '--norsrc' '/var/folders/wd/wy827dnn4ds4btm69h16vx380000gn/T/XcodeDistPipeline.2TZ/Root' '/var/folders/wd/wy827dnn4ds4btm69h16vx380000gn/T/XcodeDistPipeline.2TZ/Packages/zhangwoyingxiao.ipa'
2017-12-08 01:14:22 +0000  >>> Copying /var/folders/wd/wy827dnn4ds4btm69h16vx380000gn/T/XcodeDistPipeline.2TZ/Root 
2017-12-08 01:14:22 +0000  copying file ./Payload/zhangwoyingxiao.app/_CodeSignature/CodeResources ... 
2017-12-08 01:14:22 +0000  5133 bytes for ./Payload/zhangwoyingxiao.app/_CodeSignature/CodeResources
2017-12-08 01:14:22 +0000  copying file ./Payload/zhangwoyingxiao.app/archived-expanded-entitlements.xcent ... 
2017-12-08 01:14:22 +0000  380 bytes for ./Payload/zhangwoyingxiao.app/archived-expanded-entitlements.xcent
copying file ./Payload/zhangwoyingxiao.app/Base.lproj/LaunchScreen.storyboardc/01J-lp-oVM-view-Ze5-6b-2t3.nib ... 
2017-12-08 01:14:22 +0000  1792 bytes for ./Payload/zhangwoyingxiao.app/Base.lproj/LaunchScreen.storyboardc/01J-lp-oVM-view-Ze5-6b-2t3.nib
copying file ./Payload/zhangwoyingxiao.app/Base.lproj/LaunchScreen.storyboardc/Info.plist ... 
2017-12-08 01:14:22 +0000  258 bytes for ./Payload/zhangwoyingxiao.app/Base.lproj/LaunchScreen.storyboardc/Info.plist
copying file ./Payload/zhangwoyingxiao.app/Base.lproj/LaunchScreen.storyboardc/UIViewController-01J-lp-oVM.nib ... 
2017-12-08 01:14:22 +0000  832 bytes for ./Payload/zhangwoyingxiao.app/Base.lproj/LaunchScreen.storyboardc/UIViewController-01J-lp-oVM.nib
2017-12-08 01:14:22 +0000  copying file ./Payload/zhangwoyingxiao.app/Base.lproj/Main.storyboardc/BYZ-38-t0r-view-8bC-Xf-vdC.nib ... 
2017-12-08 01:14:22 +0000  1791 bytes for ./Payload/zhangwoyingxiao.app/Base.lproj/Main.storyboardc/BYZ-38-t0r-view-8bC-Xf-vdC.nib
copying file ./Payload/zhangwoyingxiao.app/Base.lproj/Main.storyboardc/Info.plist ... 
2017-12-08 01:14:22 +0000  258 bytes for ./Payload/zhangwoyingxiao.app/Base.lproj/Main.storyboardc/Info.plist
copying file ./Payload/zhangwoyingxiao.app/Base.lproj/Main.storyboardc/UIViewController-BYZ-38-t0r.nib ... 
2017-12-08 01:14:22 +0000  916 bytes for ./Payload/zhangwoyingxiao.app/Base.lproj/Main.storyboardc/UIViewController-BYZ-38-t0r.nib
copying file ./Payload/zhangwoyingxiao.app/embedded.mobileprovision ... 
2017-12-08 01:14:22 +0000  7587 bytes for ./Payload/zhangwoyingxiao.app/embedded.mobileprovision
copying file ./Payload/zhangwoyingxiao.app/Info.plist ... 
2017-12-08 01:14:22 +0000  1259 bytes for ./Payload/zhangwoyingxiao.app/Info.plist
copying file ./Payload/zhangwoyingxiao.app/PkgInfo ... 
2017-12-08 01:14:22 +0000  8 bytes for ./Payload/zhangwoyingxiao.app/PkgInfo
copying file ./Payload/zhangwoyingxiao.app/zhangwoyingxiao ... 
2017-12-08 01:14:22 +0000  147120 bytes for ./Payload/zhangwoyingxiao.app/zhangwoyingxiao
2017-12-08 01:14:22 +0000 [MT] /usr/bin/ditto exited with 0
2017-12-08 01:14:22 +0000 [MT] Processing step: IDEDistributionCreateManifestStep
