2017-12-07 10:01:57 +0000 [MT] Initial pipeline context: <IDEDistributionProcessingPipelineContext: 0x7f88ba20d1e0; archive(resolved)='<IDEArchive: 0x7f88ba082460>', distributionTask(resolved)='2', distributionMethod(resolved)='<IDEDistributionMethodiOSEnterprise: 0x7f88ba09df60>', team(resolved)='<IDEProvisioningBasicTeam 0x7f88ba0d1f20: teamID: X394N46UAR, teamName: China Unicom Sys. Integration Ltd. Corp. Shandong>'>
	Chain (11, self inclusive):
	<IDEDistributionProcessingPipelineContext: 0x7f88ba20d1e0; archive = '<IDEArchive: 0x7f88ba082460>', distributionMethod='<IDEDistributionMethodiOSEnterprise: 0x7f88ba09df60>', team='<IDEProvisioningBasicTeam 0x7f88ba0d1f20: teamID: X394N46UAR, teamName: China Unicom Sys. Integration Ltd. Corp. Shandong>'>
	<IDEDistributionProcessingPipelineContext: 0x7f88ba207240; archive = '<IDEArchive: 0x7f88ba082460>', distributionMethod='<IDEDistributionMethodiOSEnterprise: 0x7f88ba09df60>', team='<IDEProvisioningBasicTeam 0x7f88ba0d1f20: teamID: X394N46UAR, teamName: China Unicom Sys. Integration Ltd. Corp. Shandong>'>
	<IDEDistributionContext: 0x7f88ba0df900; archive = '<IDEArchive: 0x7f88ba082460>', distributionMethod='<IDEDistributionMethodiOSEnterprise: 0x7f88ba09df60>', team='<IDEProvisioningBasicTeam 0x7f88ba0d1f20: teamID: X394N46UAR, teamName: China Unicom Sys. Integration Ltd. Corp. Shandong>'>
	<IDEDistributionContext: 0x7f88ba0c3fa0; archive = '<IDEArchive: 0x7f88ba082460>', distributionMethod='<IDEDistributionMethodiOSEnterprise: 0x7f88ba09df60>', team='<IDEProvisioningBasicTeam 0x7f88ba0d1f20: teamID: X394N46UAR, teamName: China Unicom Sys. Integration Ltd. Corp. Shandong>'>
	<IDEDistributionContext: 0x7f88ba0c3b20; archive = '<IDEArchive: 0x7f88ba082460>', distributionMethod='<IDEDistributionMethodiOSEnterprise: 0x7f88ba09df60>', team='<IDEProvisioningBasicTeam 0x7f88ba0d1f20: teamID: X394N46UAR, teamName: China Unicom Sys. Integration Ltd. Corp. Shandong>'>
	<IDEDistributionContext: 0x7f88ba20f480; archive = '<IDEArchive: 0x7f88ba082460>', distributionMethod='<IDEDistributionMethodiOSEnterprise: 0x7f88ba09df60>', team='<IDEProvisioningBasicTeam 0x7f88ba0d1f20: teamID: X394N46UAR, teamName: China Unicom Sys. Integration Ltd. Corp. Shandong>'>
	<IDEDistributionContext: 0x7f88ba0cb720; archive = '<IDEArchive: 0x7f88ba082460>', distributionMethod='<IDEDistributionMethodiOSEnterprise: 0x7f88ba09df60>', team='<IDEProvisioningBasicTeam 0x7f88ba0d1f20: teamID: X394N46UAR, teamName: China Unicom Sys. Integration Ltd. Corp. Shandong>'>
	<IDEDistributionContext: 0x7f88ba0cfb70; archive = '<IDEArchive: 0x7f88ba082460>', distributionMethod='<IDEDistributionMethodiOSEnterprise: 0x7f88ba09df60>', team='<IDEProvisioningBasicTeam 0x7f88ba0d1f20: teamID: X394N46UAR, teamName: China Unicom Sys. Integration Ltd. Corp. Shandong>'>
	<IDEDistributionContext: 0x7f88ba0a45c0; archive = '<IDEArchive: 0x7f88ba082460>', distributionMethod='<IDEDistributionMethodiOSEnterprise: 0x7f88ba09df60>', team='<IDEProvisioningBasicTeam 0x7f88ba0d1f20: teamID: X394N46UAR, teamName: China Unicom Sys. Integration Ltd. Corp. Shandong>'>
	<IDEDistributionContext: 0x7f88ba09a020; archive = '<IDEArchive: 0x7f88ba082460>', distributionMethod='<IDEDistributionMethodiOSEnterprise: 0x7f88ba09df60>', team='(null)'>
	<IDEDistributionContext: 0x7f88ba07f1a0; archive = '<IDEArchive: 0x7f88ba082460>', distributionMethod='(null)', team='(null)'>
</IDEDistributionProcessingPipelineContext: 0x7f88ba20d1e0>
2017-12-07 10:01:57 +0000 [MT] Processing step: IDEDistributionCreateDestRootStep
2017-12-07 10:01:57 +0000 [MT] Processing step: IDEDistributionCopyItemStep
2017-12-07 10:01:57 +0000 [MT] Running /usr/bin/ditto '-V' '/Users/wangyongmei/Library/Developer/Xcode/Archives/2017-12-07/zhangwoyingxiao 2017-12-7 下午5.59.xcarchive/Products/Applications/zhangwoyingxiao.app' '/var/folders/wd/wy827dnn4ds4btm69h16vx380000gn/T/XcodeDistPipeline.zYp/Root/Payload/zhangwoyingxiao.app'
2017-12-07 10:01:57 +0000  >>> Copying /Users/wangyongmei/Library/Developer/Xcode/Archives/2017-12-07/zhangwoyingxiao 2017-12-7 下午5.59.xcarchive/Products/Applications/zhangwoyingxiao.app 
2017-12-07 10:01:57 +0000  copying file ./_CodeSignature/CodeResources ... 
2017-12-07 10:01:57 +0000  5133 bytes for ./_CodeSignature/CodeResources
2017-12-07 10:01:57 +0000  copying file ./archived-expanded-entitlements.xcent ... 
2017-12-07 10:01:57 +0000  380 bytes for ./archived-expanded-entitlements.xcent
2017-12-07 10:01:57 +0000  copying file ./Base.lproj/LaunchScreen.storyboardc/01J-lp-oVM-view-Ze5-6b-2t3.nib ... 
2017-12-07 10:01:57 +0000  1136 bytes for ./Base.lproj/LaunchScreen.storyboardc/01J-lp-oVM-view-Ze5-6b-2t3.nib
copying file ./Base.lproj/LaunchScreen.storyboardc/Info.plist ... 
2017-12-07 10:01:57 +0000  258 bytes for ./Base.lproj/LaunchScreen.storyboardc/Info.plist
copying file ./Base.lproj/LaunchScreen.storyboardc/UIViewController-01J-lp-oVM.nib ... 
2017-12-07 10:01:57 +0000  832 bytes for ./Base.lproj/LaunchScreen.storyboardc/UIViewController-01J-lp-oVM.nib
2017-12-07 10:01:57 +0000  copying file ./Base.lproj/Main.storyboardc/BYZ-38-t0r-view-8bC-Xf-vdC.nib ... 
2017-12-07 10:01:57 +0000  1136 bytes for ./Base.lproj/Main.storyboardc/BYZ-38-t0r-view-8bC-Xf-vdC.nib
copying file ./Base.lproj/Main.storyboardc/Info.plist ... 
2017-12-07 10:01:57 +0000  258 bytes for ./Base.lproj/Main.storyboardc/Info.plist
copying file ./Base.lproj/Main.storyboardc/UIViewController-BYZ-38-t0r.nib ... 
2017-12-07 10:01:57 +0000  916 bytes for ./Base.lproj/Main.storyboardc/UIViewController-BYZ-38-t0r.nib
2017-12-07 10:01:57 +0000  copying file ./embedded.mobileprovision ... 
2017-12-07 10:01:57 +0000  7587 bytes for ./embedded.mobileprovision
copying file ./Info.plist ... 
2017-12-07 10:01:57 +0000  1253 bytes for ./Info.plist
copying file ./PkgInfo ... 
2017-12-07 10:01:57 +0000  8 bytes for ./PkgInfo
copying file ./zhangwoyingxiao ... 
2017-12-07 10:01:57 +0000  111376 bytes for ./zhangwoyingxiao
2017-12-07 10:01:57 +0000 [MT] /usr/bin/ditto exited with 0
2017-12-07 10:01:57 +0000 [MT] Processing step: IDEDistributionEmbedProfileStep
2017-12-07 10:01:57 +0000 [MT] Processing step: IDEDistributionAppThinningPlistStep
2017-12-07 10:01:57 +0000 [MT] Skipping step: IDEDistributionAppThinningPlistStep because it said so
2017-12-07 10:01:57 +0000 [MT] Processing step: IDEDistributionCompileBitcodeStep
2017-12-07 10:01:57 +0000 [MT] Skipping step: IDEDistributionCompileBitcodeStep because it said so
2017-12-07 10:01:57 +0000 [MT] Processing step: IDEDistributionCodeSlimmingStep
2017-12-07 10:01:57 +0000 [MT] Processing step: IDEDistributionCopyBCSymbolMapsStep
2017-12-07 10:01:57 +0000 [MT] Skipping step: IDEDistributionCopyBCSymbolMapsStep because it said so
2017-12-07 10:01:57 +0000 [MT] Processing step: IDEDistributionSymbolsStep
2017-12-07 10:01:57 +0000 [MT] Skipping step: IDEDistributionSymbolsStep because it said so
2017-12-07 10:01:57 +0000 [MT] Processing step: IDEDistributionAppThinningStep
2017-12-07 10:01:57 +0000 [MT] Skipping step: IDEDistributionAppThinningStep because it said so
2017-12-07 10:01:57 +0000 [MT] Processing step: IDEDistributionODRStep
2017-12-07 10:01:57 +0000 [MT] Processing step: IDEDistributionStripXattrsStep
2017-12-07 10:01:57 +0000 [MT] Running /usr/bin/xattr '-crs' '/var/folders/wd/wy827dnn4ds4btm69h16vx380000gn/T/XcodeDistPipeline.zYp/Root/Payload/zhangwoyingxiao.app'
2017-12-07 10:01:57 +0000 [MT] /usr/bin/xattr exited with 0
2017-12-07 10:01:57 +0000 [MT] Processing step: IDEDistributionCodesignStep
2017-12-07 10:01:57 +0000 [MT] Applying entitlements delta for <IDEDistributionItem: 0x7f88ba0c79a0 'com.sdunicom.sdltyxzs' '<DVTFilePath:0x7f88ba085840:'/Users/wangyongmei/Library/Developer/Xcode/Archives/2017-12-07/zhangwoyingxiao 2017-12-7 下午5.59.xcarchive/Products/Applications/zhangwoyingxiao.app'>'> from <IDEiCloudEntitlementsProcessor: 0x7f88ba0f4150>: {
}
2017-12-07 10:01:57 +0000 [MT] Entitlements for <IDEDistributionItem: 0x7f88ba0c79a0 'com.sdunicom.sdltyxzs' '<DVTFilePath:0x7f88ba085840:'/Users/wangyongmei/Library/Developer/Xcode/Archives/2017-12-07/zhangwoyingxiao 2017-12-7 下午5.59.xcarchive/Products/Applications/zhangwoyingxiao.app'>'>: {
    "application-identifier" = "X394N46UAR.com.sdunicom.sdltyxzs";
    "com.apple.developer.team-identifier" = X394N46UAR;
    "get-task-allow" = 0;
    "keychain-access-groups" =     (
        "X394N46UAR.com.sdunicom.sdltyxzs"
    );
}
2017-12-07 10:01:57 +0000 [MT] Writing entitlements for <IDEDistributionItem: 0x7f88ba0c79a0 'com.sdunicom.sdltyxzs' '<DVTFilePath:0x7f88ba085840:'/Users/wangyongmei/Library/Developer/Xcode/Archives/2017-12-07/zhangwoyingxiao 2017-12-7 下午5.59.xcarchive/Products/Applications/zhangwoyingxiao.app'>'> to: /var/folders/wd/wy827dnn4ds4btm69h16vx380000gn/T/XcodeDistPipeline.zYp/entitlementsZj1NxU
2017-12-07 10:01:57 +0000 [MT] Running /usr/bin/codesign '-vvv' '--force' '--sign' 'EC8CC7357077E410D7A9894823D24B8871B3B4DC' '--preserve-metadata=identifier,flags' '--entitlements' '/var/folders/wd/wy827dnn4ds4btm69h16vx380000gn/T/XcodeDistPipeline.zYp/entitlementsZj1NxU' '/var/folders/wd/wy827dnn4ds4btm69h16vx380000gn/T/XcodeDistPipeline.zYp/Root/Payload/zhangwoyingxiao.app'
2017-12-07 10:01:57 +0000  /var/folders/wd/wy827dnn4ds4btm69h16vx380000gn/T/XcodeDistPipeline.zYp/Root/Payload/zhangwoyingxiao.app: signed app bundle with Mach-O thin (arm64) [com.sdunicom.sdltyxzs]
2017-12-07 10:01:57 +0000 [MT] /usr/bin/codesign exited with 0
2017-12-07 10:01:57 +0000 [MT] Processing step: IDEDistributionStreamingZipItemStep
2017-12-07 10:01:57 +0000 [MT] Skipping step: IDEDistributionStreamingZipItemStep because it said so
2017-12-07 10:01:57 +0000 [MT] Processing step: IDEDistributionCreateIPAStep
2017-12-07 10:01:57 +0000 [MT] Running /usr/bin/ditto '-V' '-c' '-k' '--norsrc' '/var/folders/wd/wy827dnn4ds4btm69h16vx380000gn/T/XcodeDistPipeline.zYp/Root' '/var/folders/wd/wy827dnn4ds4btm69h16vx380000gn/T/XcodeDistPipeline.zYp/Packages/zhangwoyingxiao.ipa'
2017-12-07 10:01:57 +0000  >>> Copying /var/folders/wd/wy827dnn4ds4btm69h16vx380000gn/T/XcodeDistPipeline.zYp/Root 
2017-12-07 10:01:57 +0000  copying file ./Payload/zhangwoyingxiao.app/_CodeSignature/CodeResources ... 
2017-12-07 10:01:57 +0000  5133 bytes for ./Payload/zhangwoyingxiao.app/_CodeSignature/CodeResources
2017-12-07 10:01:57 +0000  copying file ./Payload/zhangwoyingxiao.app/archived-expanded-entitlements.xcent ... 
380 bytes for ./Payload/zhangwoyingxiao.app/archived-expanded-entitlements.xcent
2017-12-07 10:01:57 +0000  copying file ./Payload/zhangwoyingxiao.app/Base.lproj/LaunchScreen.storyboardc/01J-lp-oVM-view-Ze5-6b-2t3.nib ... 
2017-12-07 10:01:57 +0000  1136 bytes for ./Payload/zhangwoyingxiao.app/Base.lproj/LaunchScreen.storyboardc/01J-lp-oVM-view-Ze5-6b-2t3.nib
copying file ./Payload/zhangwoyingxiao.app/Base.lproj/LaunchScreen.storyboardc/Info.plist ... 
2017-12-07 10:01:57 +0000  258 bytes for ./Payload/zhangwoyingxiao.app/Base.lproj/LaunchScreen.storyboardc/Info.plist
copying file ./Payload/zhangwoyingxiao.app/Base.lproj/LaunchScreen.storyboardc/UIViewController-01J-lp-oVM.nib ... 
2017-12-07 10:01:57 +0000  832 bytes for ./Payload/zhangwoyingxiao.app/Base.lproj/LaunchScreen.storyboardc/UIViewController-01J-lp-oVM.nib
2017-12-07 10:01:57 +0000  copying file ./Payload/zhangwoyingxiao.app/Base.lproj/Main.storyboardc/BYZ-38-t0r-view-8bC-Xf-vdC.nib ... 
2017-12-07 10:01:57 +0000  1136 bytes for ./Payload/zhangwoyingxiao.app/Base.lproj/Main.storyboardc/BYZ-38-t0r-view-8bC-Xf-vdC.nib
copying file ./Payload/zhangwoyingxiao.app/Base.lproj/Main.storyboardc/Info.plist ... 
2017-12-07 10:01:57 +0000  258 bytes for ./Payload/zhangwoyingxiao.app/Base.lproj/Main.storyboardc/Info.plist
copying file ./Payload/zhangwoyingxiao.app/Base.lproj/Main.storyboardc/UIViewController-BYZ-38-t0r.nib ... 
2017-12-07 10:01:57 +0000  916 bytes for ./Payload/zhangwoyingxiao.app/Base.lproj/Main.storyboardc/UIViewController-BYZ-38-t0r.nib
copying file ./Payload/zhangwoyingxiao.app/embedded.mobileprovision ... 
2017-12-07 10:01:57 +0000  7587 bytes for ./Payload/zhangwoyingxiao.app/embedded.mobileprovision
copying file ./Payload/zhangwoyingxiao.app/Info.plist ... 
2017-12-07 10:01:57 +0000  1253 bytes for ./Payload/zhangwoyingxiao.app/Info.plist
copying file ./Payload/zhangwoyingxiao.app/PkgInfo ... 
2017-12-07 10:01:57 +0000  8 bytes for ./Payload/zhangwoyingxiao.app/PkgInfo
copying file ./Payload/zhangwoyingxiao.app/zhangwoyingxiao ... 
2017-12-07 10:01:57 +0000  61600 bytes for ./Payload/zhangwoyingxiao.app/zhangwoyingxiao
2017-12-07 10:01:57 +0000 [MT] /usr/bin/ditto exited with 0
2017-12-07 10:01:57 +0000 [MT] Processing step: IDEDistributionCreateManifestStep
